This file contains any messages produced by compilers while
running configure, to aid debugging if configure makes a mistake.

It was created by GraphThing configure 1.3.2, which was
generated by GNU Autoconf 2.60.  Invocation command line was

  $ ./configure --with-wx-config=/usr/bin/wx-config

## --------- ##
## Platform. ##
## --------- ##

hostname = spock-HP-15-Notebook-PC
uname -m = x86_64
uname -r = 4.4.0-92-generic
uname -s = Linux
uname -v = #115-Ubuntu SMP Thu Aug 10 09:04:33 UTC 2017

/usr/bin/uname -p = unknown
/bin/uname -X     = unknown

/bin/arch              = unknown
/usr/bin/arch -k       = unknown
/usr/convex/getsysinfo = unknown
/usr/bin/hostinfo      = unknown
/bin/machine           = unknown
/usr/bin/oslevel       = unknown
/bin/universe          = unknown

PATH: /home/emh/.luarocks/bin
PATH: /usr/local/bin
PATH: /usr/local/sbin
PATH: /usr/sbin
PATH: /usr/bin
PATH: /sbin
PATH: /bin
PATH: /usr/games
PATH: /usr/local/games
PATH: /snap/bin


## ----------- ##
## Core tests. ##
## ----------- ##

configure:1775: checking for gcc
configure:1791: found /usr/bin/gcc
configure:1802: result: gcc
configure:2040: checking for C compiler version
configure:2047: gcc --version >&5
gcc (Ubuntu 5.4.0-6ubuntu1~16.04.4) 5.4.0 20160609
Copyright (C) 2015 Free Software Foundation, Inc.
This is free software; see the source for copying conditions.  There is NO
warranty; not even for MERCHANTABILITY or FITNESS FOR A PARTICULAR PURPOSE.

configure:2050: $? = 0
configure:2057: gcc -v >&5
Using built-in specs.
COLLECT_GCC=gcc
COLLECT_LTO_WRAPPER=/usr/lib/gcc/x86_64-linux-gnu/5/lto-wrapper
Target: x86_64-linux-gnu
Configured with: ../src/configure -v --with-pkgversion='Ubuntu 5.4.0-6ubuntu1~16.04.4' --with-bugurl=file:///usr/share/doc/gcc-5/README.Bugs --enable-languages=c,ada,c++,java,go,d,fortran,objc,obj-c++ --prefix=/usr --program-suffix=-5 --enable-shared --enable-linker-build-id --libexecdir=/usr/lib --without-included-gettext --enable-threads=posix --libdir=/usr/lib --enable-nls --with-sysroot=/ --enable-clocale=gnu --enable-libstdcxx-debug --enable-libstdcxx-time=yes --with-default-libstdcxx-abi=new --enable-gnu-unique-object --disable-vtable-verify --enable-libmpx --enable-plugin --with-system-zlib --disable-browser-plugin --enable-java-awt=gtk --enable-gtk-cairo --with-java-home=/usr/lib/jvm/java-1.5.0-gcj-5-amd64/jre --enable-java-home --with-jvm-root-dir=/usr/lib/jvm/java-1.5.0-gcj-5-amd64 --with-jvm-jar-dir=/usr/lib/jvm-exports/java-1.5.0-gcj-5-amd64 --with-arch-directory=amd64 --with-ecj-jar=/usr/share/java/eclipse-ecj.jar --enable-objc-gc --enable-multiarch --disable-werror --with-arch-32=i686 --with-abi=m64 --with-multilib-list=m32,m64,mx32 --enable-multilib --with-tune=generic --enable-checking=release --build=x86_64-linux-gnu --host=x86_64-linux-gnu --target=x86_64-linux-gnu
Thread model: posix
gcc version 5.4.0 20160609 (Ubuntu 5.4.0-6ubuntu1~16.04.4) 
configure:2060: $? = 0
configure:2067: gcc -V >&5
gcc: error: unrecognized command line option '-V'
gcc: fatal error: no input files
compilation terminated.
configure:2070: $? = 1
configure:2093: checking for C compiler default output file name
configure:2120: gcc    conftest.c  >&5
configure:2123: $? = 0
configure:2169: result: a.out
configure:2174: checking whether the C compiler works
configure:2184: ./a.out
configure:2187: $? = 0
configure:2204: result: yes
configure:2211: checking whether we are cross compiling
configure:2213: result: no
configure:2216: checking for suffix of executables
configure:2223: gcc -o conftest    conftest.c  >&5
configure:2226: $? = 0
configure:2250: result: 
configure:2256: checking for suffix of object files
configure:2282: gcc -c   conftest.c >&5
configure:2285: $? = 0
configure:2308: result: o
configure:2312: checking whether we are using the GNU C compiler
configure:2341: gcc -c   conftest.c >&5
configure:2347: $? = 0
configure:2354: test -z "$ac_c_werror_flag" || test ! -s conftest.err
configure:2357: $? = 0
configure:2364: test -s conftest.o
configure:2367: $? = 0
configure:2381: result: yes
configure:2386: checking whether gcc accepts -g
configure:2416: gcc -c -g  conftest.c >&5
configure:2422: $? = 0
configure:2429: test -z "$ac_c_werror_flag" || test ! -s conftest.err
configure:2432: $? = 0
configure:2439: test -s conftest.o
configure:2442: $? = 0
configure:2572: result: yes
configure:2589: checking for gcc option to accept ISO C89
configure:2663: gcc  -c -g -O2  conftest.c >&5
configure:2669: $? = 0
configure:2676: test -z "$ac_c_werror_flag" || test ! -s conftest.err
configure:2679: $? = 0
configure:2686: test -s conftest.o
configure:2689: $? = 0
configure:2709: result: none needed
configure:2785: checking for g++
configure:2801: found /usr/bin/g++
configure:2812: result: g++
configure:2843: checking for C++ compiler version
configure:2850: g++ --version >&5
g++ (Ubuntu 5.4.0-6ubuntu1~16.04.4) 5.4.0 20160609
Copyright (C) 2015 Free Software Foundation, Inc.
This is free software; see the source for copying conditions.  There is NO
warranty; not even for MERCHANTABILITY or FITNESS FOR A PARTICULAR PURPOSE.

configure:2853: $? = 0
configure:2860: g++ -v >&5
Using built-in specs.
COLLECT_GCC=g++
COLLECT_LTO_WRAPPER=/usr/lib/gcc/x86_64-linux-gnu/5/lto-wrapper
Target: x86_64-linux-gnu
Configured with: ../src/configure -v --with-pkgversion='Ubuntu 5.4.0-6ubuntu1~16.04.4' --with-bugurl=file:///usr/share/doc/gcc-5/README.Bugs --enable-languages=c,ada,c++,java,go,d,fortran,objc,obj-c++ --prefix=/usr --program-suffix=-5 --enable-shared --enable-linker-build-id --libexecdir=/usr/lib --without-included-gettext --enable-threads=posix --libdir=/usr/lib --enable-nls --with-sysroot=/ --enable-clocale=gnu --enable-libstdcxx-debug --enable-libstdcxx-time=yes --with-default-libstdcxx-abi=new --enable-gnu-unique-object --disable-vtable-verify --enable-libmpx --enable-plugin --with-system-zlib --disable-browser-plugin --enable-java-awt=gtk --enable-gtk-cairo --with-java-home=/usr/lib/jvm/java-1.5.0-gcj-5-amd64/jre --enable-java-home --with-jvm-root-dir=/usr/lib/jvm/java-1.5.0-gcj-5-amd64 --with-jvm-jar-dir=/usr/lib/jvm-exports/java-1.5.0-gcj-5-amd64 --with-arch-directory=amd64 --with-ecj-jar=/usr/share/java/eclipse-ecj.jar --enable-objc-gc --enable-multiarch --disable-werror --with-arch-32=i686 --with-abi=m64 --with-multilib-list=m32,m64,mx32 --enable-multilib --with-tune=generic --enable-checking=release --build=x86_64-linux-gnu --host=x86_64-linux-gnu --target=x86_64-linux-gnu
Thread model: posix
gcc version 5.4.0 20160609 (Ubuntu 5.4.0-6ubuntu1~16.04.4) 
configure:2863: $? = 0
configure:2870: g++ -V >&5
g++: error: unrecognized command line option '-V'
g++: fatal error: no input files
compilation terminated.
configure:2873: $? = 1
configure:2876: checking whether we are using the GNU C++ compiler
configure:2905: g++ -c   conftest.cpp >&5
configure:2911: $? = 0
configure:2918: test -z "$ac_cxx_werror_flag" || test ! -s conftest.err
configure:2921: $? = 0
configure:2928: test -s conftest.o
configure:2931: $? = 0
configure:2945: result: yes
configure:2950: checking whether g++ accepts -g
configure:2980: g++ -c -g  conftest.cpp >&5
configure:2986: $? = 0
configure:2993: test -z "$ac_cxx_werror_flag" || test ! -s conftest.err
configure:2996: $? = 0
configure:3003: test -s conftest.o
configure:3006: $? = 0
configure:3136: result: yes
configure:3160: checking whether the compiler implements namespaces
configure:3193: g++ -c -g -O2  conftest.cpp >&5
configure:3199: $? = 0
configure:3206: test -z "$ac_cxx_werror_flag" || test ! -s conftest.err
configure:3209: $? = 0
configure:3216: test -s conftest.o
configure:3219: $? = 0
configure:3238: result: yes
configure:3246: checking for function prototypes
configure:3249: result: yes
configure:3273: checking how to run the C preprocessor
configure:3313: gcc -E  conftest.c
configure:3319: $? = 0
configure:3357: gcc -E  conftest.c
conftest.c:11:28: fatal error: ac_nonexistent.h: No such file or directory
compilation terminated.
configure:3363: $? = 1
configure: failed program was:
| /* confdefs.h.  */
| #define PACKAGE_NAME "GraphThing"
| #define PACKAGE_TARNAME "graphthing"
| #define PACKAGE_VERSION "1.3.2"
| #define PACKAGE_STRING "GraphThing 1.3.2"
| #define PACKAGE_BUGREPORT ""
| #define GT_VERSION "1.3.2"
| #define PROTOTYPES 1
| #define __PROTOTYPES 1
| /* end confdefs.h.  */
| #include <ac_nonexistent.h>
configure:3403: result: gcc -E
configure:3432: gcc -E  conftest.c
configure:3438: $? = 0
configure:3476: gcc -E  conftest.c
conftest.c:11:28: fatal error: ac_nonexistent.h: No such file or directory
compilation terminated.
configure:3482: $? = 1
configure: failed program was:
| /* confdefs.h.  */
| #define PACKAGE_NAME "GraphThing"
| #define PACKAGE_TARNAME "graphthing"
| #define PACKAGE_VERSION "1.3.2"
| #define PACKAGE_STRING "GraphThing 1.3.2"
| #define PACKAGE_BUGREPORT ""
| #define GT_VERSION "1.3.2"
| #define PROTOTYPES 1
| #define __PROTOTYPES 1
| /* end confdefs.h.  */
| #include <ac_nonexistent.h>
configure:3527: checking for grep that handles long lines and -e
configure:3601: result: /bin/grep
configure:3606: checking for egrep
configure:3684: result: /bin/grep -E
configure:3689: checking for preprocessor stringizing operator
configure:3713: result: yes
configure:3728: checking whether the compiler recognizes bool as a built-in type
configure:3765: g++ -c -g -O2  conftest.cpp >&5
configure:3771: $? = 0
configure:3778: test -z "$ac_cxx_werror_flag" || test ! -s conftest.err
configure:3781: $? = 0
configure:3788: test -s conftest.o
configure:3791: $? = 0
configure:3810: result: yes
configure:3818: checking whether the compiler supports exceptions
configure:3851: g++ -c -g -O2  conftest.cpp >&5
configure:3857: $? = 0
configure:3864: test -z "$ac_cxx_werror_flag" || test ! -s conftest.err
configure:3867: $? = 0
configure:3874: test -s conftest.o
configure:3877: $? = 0
configure:3896: result: yes
configure:3904: checking whether the compiler has stringstream
configure:3938: g++ -c -g -O2  conftest.cpp >&5
configure:3944: $? = 0
configure:3951: test -z "$ac_cxx_werror_flag" || test ! -s conftest.err
configure:3954: $? = 0
configure:3961: test -s conftest.o
configure:3964: $? = 0
configure:3983: result: yes
configure:3996: checking whether the compiler supports ISO C++ standard library
configure:4036: g++ -c -g -O2  conftest.cpp >&5
configure:4042: $? = 0
configure:4049: test -z "$ac_cxx_werror_flag" || test ! -s conftest.err
configure:4052: $? = 0
configure:4059: test -s conftest.o
configure:4062: $? = 0
configure:4081: result: yes
configure:4089: checking whether the compiler supports Standard Template Library
configure:4125: g++ -c -g -O2  conftest.cpp >&5
configure:4131: $? = 0
configure:4138: test -z "$ac_cxx_werror_flag" || test ! -s conftest.err
configure:4141: $? = 0
configure:4148: test -s conftest.o
configure:4151: $? = 0
configure:4170: result: yes
configure:4178: checking whether the compiler supports member constants
configure:4211: g++ -c -g -O2  conftest.cpp >&5
configure:4217: $? = 0
configure:4224: test -z "$ac_cxx_werror_flag" || test ! -s conftest.err
configure:4227: $? = 0
configure:4234: test -s conftest.o
configure:4237: $? = 0
configure:4256: result: yes
configure:4270: checking for bison
configure:4286: found /usr/bin/bison
configure:4297: result: bison -y
configure:4318: checking for flex
configure:4334: found /usr/bin/flex
configure:4345: result: flex
configure:4359: checking for yywrap in -lfl
configure:4394: gcc -o conftest -g -O2   conftest.c -lfl   >&5
configure:4400: $? = 0
configure:4407: test -z "$ac_c_werror_flag" || test ! -s conftest.err
configure:4410: $? = 0
configure:4417: test -s conftest
configure:4420: $? = 0
configure:4434: result: yes
configure:4525: checking lex output file root
configure:4541: flex conftest.l
configure:4544: $? = 0
configure:4556: result: lex.yy
configure:4561: checking whether yytext is a pointer
configure:4582: gcc -o conftest -g -O2   conftest.c  -lfl >&5
configure:4588: $? = 0
configure:4595: test -z "$ac_c_werror_flag" || test ! -s conftest.err
configure:4598: $? = 0
configure:4605: test -s conftest
configure:4608: $? = 0
configure:4624: result: yes
configure:4684: checking for a BSD-compatible install
configure:4740: result: /usr/bin/install -c
configure:4751: checking whether make sets $(MAKE)
configure:4772: result: yes
configure:4781: checking whether ln -s works
configure:4785: result: yes
configure:4797: checking for uname
configure:4815: found /bin/uname
configure:4827: result: /bin/uname
configure:4838: checking system type
configure:4841: result: Linux
configure:4865: checking for ANSI C header files
configure:4895: gcc -c -g -O2  conftest.c >&5
configure:4901: $? = 0
configure:4908: test -z "$ac_c_werror_flag" || test ! -s conftest.err
configure:4911: $? = 0
configure:4918: test -s conftest.o
configure:4921: $? = 0
configure:5017: gcc -o conftest -g -O2   conftest.c  >&5
configure:5020: $? = 0
configure:5026: ./conftest
configure:5029: $? = 0
configure:5046: result: yes
configure:5070: checking for sys/types.h
configure:5091: gcc -c -g -O2  conftest.c >&5
configure:5097: $? = 0
configure:5104: test -z "$ac_c_werror_flag" || test ! -s conftest.err
configure:5107: $? = 0
configure:5114: test -s conftest.o
configure:5117: $? = 0
configure:5130: result: yes
configure:5070: checking for sys/stat.h
configure:5091: gcc -c -g -O2  conftest.c >&5
configure:5097: $? = 0
configure:5104: test -z "$ac_c_werror_flag" || test ! -s conftest.err
configure:5107: $? = 0
configure:5114: test -s conftest.o
configure:5117: $? = 0
configure:5130: result: yes
configure:5070: checking for stdlib.h
configure:5091: gcc -c -g -O2  conftest.c >&5
configure:5097: $? = 0
configure:5104: test -z "$ac_c_werror_flag" || test ! -s conftest.err
configure:5107: $? = 0
configure:5114: test -s conftest.o
configure:5117: $? = 0
configure:5130: result: yes
configure:5070: checking for string.h
configure:5091: gcc -c -g -O2  conftest.c >&5
configure:5097: $? = 0
configure:5104: test -z "$ac_c_werror_flag" || test ! -s conftest.err
configure:5107: $? = 0
configure:5114: test -s conftest.o
configure:5117: $? = 0
configure:5130: result: yes
configure:5070: checking for memory.h
configure:5091: gcc -c -g -O2  conftest.c >&5
configure:5097: $? = 0
configure:5104: test -z "$ac_c_werror_flag" || test ! -s conftest.err
configure:5107: $? = 0
configure:5114: test -s conftest.o
configure:5117: $? = 0
configure:5130: result: yes
configure:5070: checking for strings.h
configure:5091: gcc -c -g -O2  conftest.c >&5
configure:5097: $? = 0
configure:5104: test -z "$ac_c_werror_flag" || test ! -s conftest.err
configure:5107: $? = 0
configure:5114: test -s conftest.o
configure:5117: $? = 0
configure:5130: result: yes
configure:5070: checking for inttypes.h
configure:5091: gcc -c -g -O2  conftest.c >&5
configure:5097: $? = 0
configure:5104: test -z "$ac_c_werror_flag" || test ! -s conftest.err
configure:5107: $? = 0
configure:5114: test -s conftest.o
configure:5117: $? = 0
configure:5130: result: yes
configure:5070: checking for stdint.h
configure:5091: gcc -c -g -O2  conftest.c >&5
configure:5097: $? = 0
configure:5104: test -z "$ac_c_werror_flag" || test ! -s conftest.err
configure:5107: $? = 0
configure:5114: test -s conftest.o
configure:5117: $? = 0
configure:5130: result: yes
configure:5070: checking for unistd.h
configure:5091: gcc -c -g -O2  conftest.c >&5
configure:5097: $? = 0
configure:5104: test -z "$ac_c_werror_flag" || test ! -s conftest.err
configure:5107: $? = 0
configure:5114: test -s conftest.o
configure:5117: $? = 0
configure:5130: result: yes
configure:5162: checking math.h usability
configure:5179: gcc -c -g -O2  conftest.c >&5
configure:5185: $? = 0
configure:5192: test -z "$ac_c_werror_flag" || test ! -s conftest.err
configure:5195: $? = 0
configure:5202: test -s conftest.o
configure:5205: $? = 0
configure:5216: result: yes
configure:5220: checking math.h presence
configure:5235: gcc -E  conftest.c
configure:5241: $? = 0
configure:5262: result: yes
configure:5290: checking for math.h
configure:5298: result: yes
configure:5162: checking stdio.h usability
configure:5179: gcc -c -g -O2  conftest.c >&5
configure:5185: $? = 0
configure:5192: test -z "$ac_c_werror_flag" || test ! -s conftest.err
configure:5195: $? = 0
configure:5202: test -s conftest.o
configure:5205: $? = 0
configure:5216: result: yes
configure:5220: checking stdio.h presence
configure:5235: gcc -E  conftest.c
configure:5241: $? = 0
configure:5262: result: yes
configure:5290: checking for stdio.h
configure:5298: result: yes
configure:5152: checking for stdlib.h
configure:5158: result: yes
configure:5152: checking for string.h
configure:5158: result: yes
configure:5162: checking time.h usability
configure:5179: gcc -c -g -O2  conftest.c >&5
configure:5185: $? = 0
configure:5192: test -z "$ac_c_werror_flag" || test ! -s conftest.err
configure:5195: $? = 0
configure:5202: test -s conftest.o
configure:5205: $? = 0
configure:5216: result: yes
configure:5220: checking time.h presence
configure:5235: gcc -E  conftest.c
configure:5241: $? = 0
configure:5262: result: yes
configure:5290: checking for time.h
configure:5298: result: yes
configure:5152: checking for unistd.h
configure:5158: result: yes
configure:5316: checking for atan2 in -lm
configure:5351: gcc -o conftest -g -O2   conftest.c -lm   >&5
conftest.c:37:6: warning: conflicting types for built-in function 'atan2'
 char atan2 ();
      ^
configure:5357: $? = 0
configure:5364: test -z "$ac_c_werror_flag" || test ! -s conftest.err
configure:5367: $? = 0
configure:5374: test -s conftest
configure:5377: $? = 0
configure:5391: result: yes
configure:5408: checking for GNU make
configure:5423: result: make
configure:5455: checking for wx-config
configure:5486: result: /usr/bin/wx-config
configure:5497: checking for wxWidgets version >= 2.6.1
configure:5529: result: ok (found 3.0.2)
configure:5739: creating ./config.status

## ---------------------- ##
## Running config.status. ##
## ---------------------- ##

This file was extended by GraphThing config.status 1.3.2, which was
generated by GNU Autoconf 2.60.  Invocation command line was

  CONFIG_FILES    = 
  CONFIG_HEADERS  = 
  CONFIG_LINKS    = 
  CONFIG_COMMANDS = 
  $ ./config.status 

on spock-HP-15-Notebook-PC

config.status:605: creating GNUmakefile
config.status:740: WARNING:  GNUmakefile.in seems to ignore the --datarootdir setting
config.status:605: creating src/GNUmakefile
config.status:605: creating graphthing.1
config.status:605: creating src/config.h
config.status:838: src/config.h is unchanged

## ---------------- ##
## Cache variables. ##
## ---------------- ##

_cv_gnu_make_command=make
ac_cv_c_compiler_gnu=yes
ac_cv_c_stringize=yes
ac_cv_cxx_bool=yes
ac_cv_cxx_compiler_gnu=yes
ac_cv_cxx_exceptions=yes
ac_cv_cxx_have_sstream=yes
ac_cv_cxx_have_std=yes
ac_cv_cxx_have_stl=yes
ac_cv_cxx_member_constants=yes
ac_cv_cxx_namespaces=yes
ac_cv_env_CCC_set=
ac_cv_env_CCC_value=
ac_cv_env_CC_set=
ac_cv_env_CC_value=
ac_cv_env_CFLAGS_set=
ac_cv_env_CFLAGS_value=
ac_cv_env_CPPFLAGS_set=
ac_cv_env_CPPFLAGS_value=
ac_cv_env_CPP_set=
ac_cv_env_CPP_value=
ac_cv_env_CXXFLAGS_set=
ac_cv_env_CXXFLAGS_value=
ac_cv_env_CXX_set=
ac_cv_env_CXX_value=
ac_cv_env_LDFLAGS_set=
ac_cv_env_LDFLAGS_value=
ac_cv_env_YACC_set=
ac_cv_env_YACC_value=
ac_cv_env_YFLAGS_set=
ac_cv_env_YFLAGS_value=
ac_cv_env_build_alias_set=
ac_cv_env_build_alias_value=
ac_cv_env_host_alias_set=
ac_cv_env_host_alias_value=
ac_cv_env_target_alias_set=
ac_cv_env_target_alias_value=
ac_cv_header_inttypes_h=yes
ac_cv_header_math_h=yes
ac_cv_header_memory_h=yes
ac_cv_header_stdc=yes
ac_cv_header_stdint_h=yes
ac_cv_header_stdio_h=yes
ac_cv_header_stdlib_h=yes
ac_cv_header_string_h=yes
ac_cv_header_strings_h=yes
ac_cv_header_sys_stat_h=yes
ac_cv_header_sys_types_h=yes
ac_cv_header_time_h=yes
ac_cv_header_unistd_h=yes
ac_cv_lib_fl_yywrap=yes
ac_cv_lib_m_atan2=yes
ac_cv_objext=o
ac_cv_path_EGREP='/bin/grep -E'
ac_cv_path_GREP=/bin/grep
ac_cv_path_WXCONFIG=/usr/bin/wx-config
ac_cv_path_install='/usr/bin/install -c'
ac_cv_path_unamepath=/bin/uname
ac_cv_prog_CPP='gcc -E'
ac_cv_prog_LEX=flex
ac_cv_prog_YACC='bison -y'
ac_cv_prog_ac_ct_CC=gcc
ac_cv_prog_ac_ct_CXX=g++
ac_cv_prog_cc_c89=
ac_cv_prog_cc_g=yes
ac_cv_prog_cxx_g=yes
ac_cv_prog_lex_root=lex.yy
ac_cv_prog_lex_yytext_pointer=yes
ac_cv_prog_make_make_set=yes

## ----------------- ##
## Output variables. ##
## ----------------- ##

CC='gcc'
CFLAGS='-g -O2'
CPP='gcc -E'
CPPFLAGS=''
CXX='g++'
CXXFLAGS='-g -O2'
DEFS='-DHAVE_CONFIG_H'
ECHO_C=''
ECHO_N='-n'
ECHO_T=''
EGREP='/bin/grep -E'
EXEEXT=''
EXTRA_CFLAGS=''
EXTRA_LDFLAGS=''
EXTRA_PROGS=''
GREP='/bin/grep'
GT_VERSION=''
INSTALL_DATA='${INSTALL} -m 644'
INSTALL_PROGRAM='${INSTALL}'
INSTALL_SCRIPT='${INSTALL}'
LDFLAGS=''
LEX='flex'
LEXLIB='-lfl'
LEX_OUTPUT_ROOT='lex.yy'
LIBOBJS=''
LIBS='-lm '
LN_S='ln -s'
LTLIBOBJS=''
NLS_OBJS='lang.o'
NLS_PARSERS='lang.'
OBJEXT='o'
PACKAGE_BUGREPORT=''
PACKAGE_NAME='GraphThing'
PACKAGE_STRING='GraphThing 1.3.2'
PACKAGE_TARNAME='graphthing'
PACKAGE_VERSION='1.3.2'
PATH_SEPARATOR=':'
SET_MAKE=''
SHELL='/bin/bash'
WXCONFIG='/usr/bin/wx-config'
WX_CXXFLAGS='-I/usr/lib/x86_64-linux-gnu/wx/include/gtk2-unicode-3.0 -I/usr/include/wx-3.0 -D_FILE_OFFSET_BITS=64 -DWXUSINGDLL -D__WXGTK__ -pthread'
WX_LIBS='-L/usr/lib/x86_64-linux-gnu -pthread   -lwx_gtk2u_xrc-3.0 -lwx_gtk2u_html-3.0 -lwx_gtk2u_qa-3.0 -lwx_gtk2u_adv-3.0 -lwx_gtk2u_core-3.0 -lwx_baseu_xml-3.0 -lwx_baseu_net-3.0 -lwx_baseu-3.0 '
YACC='bison -y'
YFLAGS=''
ac_ct_CC='gcc'
ac_ct_CXX='g++'
bindir='${exec_prefix}/bin'
build_alias=''
datadir='${datarootdir}'
datarootdir='${prefix}/share'
docdir='${datarootdir}/doc/${PACKAGE_TARNAME}'
dvidir='${docdir}'
exec_prefix='${prefix}'
host_alias=''
htmldir='${docdir}'
ifGNUmake=''
includedir='${prefix}/include'
infodir='${datarootdir}/info'
libdir='${exec_prefix}/lib'
libexecdir='${exec_prefix}/libexec'
localedir='${datarootdir}/locale'
localstatedir='${prefix}/var'
mandir='${datarootdir}/man'
oldincludedir='/usr/include'
pdfdir='${docdir}'
prefix='/usr/local'
program_transform_name='s,x,x,'
psdir='${docdir}'
sbindir='${exec_prefix}/sbin'
sharedstatedir='${prefix}/com'
sysconfdir='${prefix}/etc'
target_alias=''
unamepath='/bin/uname'

## ----------- ##
## confdefs.h. ##
## ----------- ##

#define PACKAGE_NAME "GraphThing"
#define PACKAGE_TARNAME "graphthing"
#define PACKAGE_VERSION "1.3.2"
#define PACKAGE_STRING "GraphThing 1.3.2"
#define PACKAGE_BUGREPORT ""
#define GT_VERSION "1.3.2"
#define PROTOTYPES 1
#define __PROTOTYPES 1
#define HAVE_STRINGIZE 1
#define YYTEXT_POINTER 1
#define USING_LINUX 1
#define STDC_HEADERS 1
#define HAVE_SYS_TYPES_H 1
#define HAVE_SYS_STAT_H 1
#define HAVE_STDLIB_H 1
#define HAVE_STRING_H 1
#define HAVE_MEMORY_H 1
#define HAVE_STRINGS_H 1
#define HAVE_INTTYPES_H 1
#define HAVE_STDINT_H 1
#define HAVE_UNISTD_H 1
#define HAVE_MATH_H 1
#define HAVE_STDIO_H 1
#define HAVE_STDLIB_H 1
#define HAVE_STRING_H 1
#define HAVE_TIME_H 1
#define HAVE_UNISTD_H 1
#define HAVE_LIBM 1
#define ENABLE_NLS 1
#define LANG_DIALOG_IS_DISABLED 1

configure: exit 0
